{
  "uid" : "15d09be7c5f58a62",
  "name" : "parametrizedTest[,3,4]",
  "title" : "Parametrized test [,3,4]",
  "time" : {
    "start" : 1442019456874,
    "stop" : 1442019456882,
    "duration" : 8
  },
  "summary" : {
    "attachments" : 1,
    "steps" : 1
  },
  "failure" : {
    "message" : "AssertionError: \nExpected: is <2>\n     but: was <3>",
    "stackTrace" : "java.lang.AssertionError: \nExpected: is <2>\n     but: was <3>\n\tat org.hamcrest.MatcherAssert.assertThat(MatcherAssert.java:20)\n\tat org.hamcrest.MatcherAssert.assertThat(MatcherAssert.java:8)\n\tat my.company.SimpleTest.parametrizedTest(SimpleTest.java:93)\n\tat sun.reflect.NativeMethodAccessorImpl.invoke0(Native Method)\n\tat sun.reflect.NativeMethodAccessorImpl.invoke(NativeMethodAccessorImpl.java:62)\n\tat sun.reflect.DelegatingMethodAccessorImpl.invoke(DelegatingMethodAccessorImpl.java:43)\n\tat java.lang.reflect.Method.invoke(Method.java:497)\n\tat org.testng.internal.MethodInvocationHelper.invokeMethod(MethodInvocationHelper.java:80)\n\tat org.testng.internal.Invoker.invokeMethod(Invoker.java:714)\n\tat org.testng.internal.Invoker.invokeTestMethod(Invoker.java:901)\n\tat org.testng.internal.Invoker.invokeTestMethods(Invoker.java:1231)\n\tat org.testng.internal.TestMethodWorker.invokeTestMethods(TestMethodWorker.java:127)\n\tat org.testng.internal.TestMethodWorker.run(TestMethodWorker.java:111)\n\tat org.testng.TestRunner.privateRun(TestRunner.java:767)\n\tat org.testng.TestRunner.run(TestRunner.java:617)\n\tat org.testng.SuiteRunner.runTest(SuiteRunner.java:334)\n\tat org.testng.SuiteRunner.runSequentially(SuiteRunner.java:329)\n\tat org.testng.SuiteRunner.privateRun(SuiteRunner.java:291)\n\tat org.testng.SuiteRunner.run(SuiteRunner.java:240)\n\tat org.testng.SuiteRunnerWorker.runSuite(SuiteRunnerWorker.java:52)\n\tat org.testng.SuiteRunnerWorker.run(SuiteRunnerWorker.java:86)\n\tat org.testng.TestNG.runSuitesSequentially(TestNG.java:1198)\n\tat org.testng.TestNG.runSuitesLocally(TestNG.java:1123)\n\tat org.testng.TestNG.run(TestNG.java:1031)\n\tat org.apache.maven.surefire.testng.TestNGExecutor.run(TestNGExecutor.java:115)\n\tat org.apache.maven.surefire.testng.TestNGDirectoryTestSuite.executeMulti(TestNGDirectoryTestSuite.java:205)\n\tat org.apache.maven.surefire.testng.TestNGDirectoryTestSuite.execute(TestNGDirectoryTestSuite.java:108)\n\tat org.apache.maven.surefire.testng.TestNGProvider.invoke(TestNGProvider.java:111)\n\tat org.apache.maven.surefire.booter.ForkedBooter.invokeProviderInSameClassLoader(ForkedBooter.java:203)\n\tat org.apache.maven.surefire.booter.ForkedBooter.runSuitesInProcess(ForkedBooter.java:155)\n\tat org.apache.maven.surefire.booter.ForkedBooter.main(ForkedBooter.java:103)\n"
  },
  "description" : null,
  "severity" : "NORMAL",
  "status" : "FAILED",
  "testId" : {
    "name" : "TMS-123",
    "url" : "TMS-123"
  },
  "suite" : {
    "uid" : "7487ce8f2743aebf",
    "name" : "Surefire suite : Surefire test",
    "title" : "Surefire suite : Surefire test"
  },
  "steps" : [ {
    "name" : "onTestFailure[[TestResult name=parametrizedTest status=FAILURE method=SimpleTest.parametrizedTest(java.lang.String, int,...]",
    "title" : "Hi, Im step in your testng listener",
    "time" : {
      "start" : 1442019456879,
      "stop" : 1442019456882,
      "duration" : 3
    },
    "summary" : {
      "attachments" : 1,
      "steps" : 0
    },
    "status" : "PASSED",
    "attachments" : [ {
      "title" : "Hi, Im attachment in your testng listener",
      "source" : "b55a10f3-9ffe-4109-8ecb-370ebf7d3839-attachment.txt",
      "type" : "text/plain",
      "size" : 23,
      "uid" : "9355364821d8dda1"
    } ],
    "steps" : [ ]
  } ],
  "attachments" : [ ],
  "issues" : [ {
    "name" : "ALR-123",
    "url" : "ALR-123"
  }, {
    "name" : "ALR-456",
    "url" : "ALR-456"
  }, {
    "name" : "ALR-789",
    "url" : "ALR-789"
  } ],
  "labels" : [ {
    "name" : "issue",
    "value" : "ALR-123"
  }, {
    "name" : "issue",
    "value" : "ALR-456"
  }, {
    "name" : "issue",
    "value" : "ALR-789"
  }, {
    "name" : "testId",
    "value" : "TMS-123"
  }, {
    "name" : "host",
    "value" : "Abduls-MBP.home"
  }, {
    "name" : "thread",
    "value" : "2196@Abduls-MBP.home.main(1)"
  }, {
    "name" : "suite-name",
    "value" : "Surefire suite : Surefire test"
  }, {
    "name" : "suite-title",
    "value" : "Surefire suite : Surefire test"
  }, {
    "name" : "framework",
    "value" : "TestNG"
  }, {
    "name" : "language",
    "value" : "JAVA"
  } ],
  "parameters" : [ {
    "name" : "arg0",
    "value" : "",
    "kind" : "ARGUMENT"
  }, {
    "name" : "Third Parameter Name",
    "value" : "3",
    "kind" : "ARGUMENT"
  } ]
}